# JRE version: OpenJDK Runtime Environment Temurin-17.0.2+8 (17.0.2+8) (build 17.0.2+8)
# Java VM: OpenJDK 64-Bit Server VM Temurin-17.0.2+8 (17.0.2+8, mixed mode, tiered, compressed oops, compressed class ptrs, parallel gc, windows-amd64)
GC Precious Log:
 CPUs: 12 total, 12 available
 Memory: 32687M
 Large Page Support: Disabled
 NUMA Support: Disabled
 Compressed Oops: Enabled (32-bit)
 Alignments: Space 512K, Generation 512K, Heap 2M
 Heap Min Capacity: 100M
 Heap Initial Capacity: 100M
 Heap Max Capacity: 1G
 Pre-touch: Disabled
 Parallel Workers: 10
Heap:
 PSYoungGen      total 3072K, used 512K [0x00000000eab00000, 0x00000000eaf80000, 0x0000000100000000)
  eden space 2560K, 0% used [0x00000000eab00000,0x00000000eab00000,0x00000000ead80000)
  from space 512K, 100% used [0x00000000eae00000,0x00000000eae80000,0x00000000eae80000)
  to   space 1024K, 0% used [0x00000000eae80000,0x00000000eae80000,0x00000000eaf80000)
 ParOldGen       total 197632K, used 197284K [0x00000000c0000000, 0x00000000cc100000, 0x00000000eab00000)
  object space 197632K, 99% used [0x00000000c0000000,0x00000000cc0a9078,0x00000000cc100000)
 Metaspace       used 84843K, committed 85824K, reserved 1130496K
  class space    used 8657K, committed 9088K, reserved 1048576K
GC Heap History (20 events):
Event: 11848.316 GC heap after
{Heap after GC invocations=7529 (full 68):
 PSYoungGen      total 3584K, used 704K [0x00000000eab00000, 0x00000000eb080000, 0x0000000100000000)
  eden space 2560K, 0% used [0x00000000eab00000,0x00000000eab00000,0x00000000ead80000)
  from space 1024K, 68% used [0x00000000eaf80000,0x00000000eb030000,0x00000000eb080000)
  to   space 1024K, 0% used [0x00000000eae80000,0x00000000eae80000,0x00000000eaf80000)
 ParOldGen       total 197632K, used 192770K [0x00000000c0000000, 0x00000000cc100000, 0x00000000eab00000)
  object space 197632K, 97% used [0x00000000c0000000,0x00000000cbc40bd8,0x00000000cc100000)
 Metaspace       used 84843K, committed 85824K, reserved 1130496K
  class space    used 8657K, committed 9088K, reserved 1048576K
}
Event: 11848.328 GC heap before
{Heap before GC invocations=7530 (full 68):
 PSYoungGen      total 3584K, used 3264K [0x00000000eab00000, 0x00000000eb080000, 0x0000000100000000)
  eden space 2560K, 100% used [0x00000000eab00000,0x00000000ead80000,0x00000000ead80000)
  from space 1024K, 68% used [0x00000000eaf80000,0x00000000eb030000,0x00000000eb080000)
  to   space 1024K, 0% used [0x00000000eae80000,0x00000000eae80000,0x00000000eaf80000)
 ParOldGen       total 197632K, used 192770K [0x00000000c0000000, 0x00000000cc100000, 0x00000000eab00000)
  object space 197632K, 97% used [0x00000000c0000000,0x00000000cbc40bd8,0x00000000cc100000)
 Metaspace       used 84843K, committed 85824K, reserved 1130496K
  class space    used 8657K, committed 9088K, reserved 1048576K
}
Event: 11848.330 GC heap after
{Heap after GC invocations=7530 (full 68):
 PSYoungGen      total 3584K, used 976K [0x00000000eab00000, 0x00000000eb080000, 0x0000000100000000)
  eden space 2560K, 0% used [0x00000000eab00000,0x00000000eab00000,0x00000000ead80000)
  from space 1024K, 95% used [0x00000000eae80000,0x00000000eaf74010,0x00000000eaf80000)
  to   space 1024K, 0% used [0x00000000eaf80000,0x00000000eaf80000,0x00000000eb080000)
 ParOldGen       total 197632K, used 192882K [0x00000000c0000000, 0x00000000cc100000, 0x00000000eab00000)
  object space 197632K, 97% used [0x00000000c0000000,0x00000000cbc5cbd8,0x00000000cc100000)
 Metaspace       used 84843K, committed 85824K, reserved 1130496K
  class space    used 8657K, committed 9088K, reserved 1048576K
}
Event: 11848.342 GC heap before
{Heap before GC invocations=7531 (full 68):
 PSYoungGen      total 3584K, used 3536K [0x00000000eab00000, 0x00000000eb080000, 0x0000000100000000)
  eden space 2560K, 100% used [0x00000000eab00000,0x00000000ead80000,0x00000000ead80000)
  from space 1024K, 95% used [0x00000000eae80000,0x00000000eaf74010,0x00000000eaf80000)
  to   space 1024K, 0% used [0x00000000eaf80000,0x00000000eaf80000,0x00000000eb080000)
 ParOldGen       total 197632K, used 192882K [0x00000000c0000000, 0x00000000cc100000, 0x00000000eab00000)
  object space 197632K, 97% used [0x00000000c0000000,0x00000000cbc5cbd8,0x00000000cc100000)
 Metaspace       used 84843K, committed 85824K, reserved 1130496K
  class space    used 8657K, committed 9088K, reserved 1048576K
}
Event: 11848.345 GC heap after
{Heap after GC invocations=7531 (full 68):
 PSYoungGen      total 3584K, used 1008K [0x00000000eab00000, 0x00000000eb180000, 0x0000000100000000)
  eden space 2560K, 0% used [0x00000000eab00000,0x00000000eab00000,0x00000000ead80000)
  from space 1024K, 98% used [0x00000000eaf80000,0x00000000eb07c010,0x00000000eb080000)
  to   space 2048K, 0% used [0x00000000ead80000,0x00000000ead80000,0x00000000eaf80000)
 ParOldGen       total 197632K, used 193737K [0x00000000c0000000, 0x00000000cc100000, 0x00000000eab00000)
  object space 197632K, 98% used [0x00000000c0000000,0x00000000cbd32508,0x00000000cc100000)
 Metaspace       used 84843K, committed 85824K, reserved 1130496K
  class space    used 8657K, committed 9088K, reserved 1048576K
}
Event: 11848.355 GC heap before
{Heap before GC invocations=7532 (full 68):
 PSYoungGen      total 3584K, used 3568K [0x00000000eab00000, 0x00000000eb180000, 0x0000000100000000)
  eden space 2560K, 100% used [0x00000000eab00000,0x00000000ead80000,0x00000000ead80000)
  from space 1024K, 98% used [0x00000000eaf80000,0x00000000eb07c010,0x00000000eb080000)
  to   space 2048K, 0% used [0x00000000ead80000,0x00000000ead80000,0x00000000eaf80000)
 ParOldGen       total 197632K, used 193737K [0x00000000c0000000, 0x00000000cc100000, 0x00000000eab00000)
  object space 197632K, 98% used [0x00000000c0000000,0x00000000cbd32508,0x00000000cc100000)
 Metaspace       used 84843K, committed 85824K, reserved 1130496K
  class space    used 8657K, committed 9088K, reserved 1048576K
}
Event: 11848.359 GC heap after
{Heap after GC invocations=7532 (full 68):
 PSYoungGen      total 4608K, used 1152K [0x00000000eab00000, 0x00000000eb100000, 0x0000000100000000)
  eden space 2560K, 0% used [0x00000000eab00000,0x00000000eab00000,0x00000000ead80000)
  from space 2048K, 56% used [0x00000000ead80000,0x00000000eaea0000,0x00000000eaf80000)
  to   space 1536K, 0% used [0x00000000eaf80000,0x00000000eaf80000,0x00000000eb100000)
 ParOldGen       total 197632K, used 194715K [0x00000000c0000000, 0x00000000cc100000, 0x00000000eab00000)
  object space 197632K, 98% used [0x00000000c0000000,0x00000000cbe26e28,0x00000000cc100000)
 Metaspace       used 84843K, committed 85824K, reserved 1130496K
  class space    used 8657K, committed 9088K, reserved 1048576K
}
Event: 11848.373 GC heap before
{Heap before GC invocations=7533 (full 68):
 PSYoungGen      total 4608K, used 3712K [0x00000000eab00000, 0x00000000eb100000, 0x0000000100000000)
  eden space 2560K, 100% used [0x00000000eab00000,0x00000000ead80000,0x00000000ead80000)
  from space 2048K, 56% used [0x00000000ead80000,0x00000000eaea0000,0x00000000eaf80000)
  to   space 1536K, 0% used [0x00000000eaf80000,0x00000000eaf80000,0x00000000eb100000)
 ParOldGen       total 197632K, used 194715K [0x00000000c0000000, 0x00000000cc100000, 0x00000000eab00000)
  object space 197632K, 98% used [0x00000000c0000000,0x00000000cbe26e28,0x00000000cc100000)
 Metaspace       used 84843K, committed 85824K, reserved 1130496K
  class space    used 8657K, committed 9088K, reserved 1048576K
}
Event: 11848.375 GC heap after
{Heap after GC invocations=7533 (full 68):
 PSYoungGen      total 3584K, used 1024K [0x00000000eab00000, 0x00000000eb080000, 0x0000000100000000)
  eden space 2560K, 0% used [0x00000000eab00000,0x00000000eab00000,0x00000000ead80000)
  from space 1024K, 100% used [0x00000000eaf80000,0x00000000eb080000,0x00000000eb080000)
  to   space 1536K, 0% used [0x00000000ead80000,0x00000000ead80000,0x00000000eaf00000)
 ParOldGen       total 197632K, used 194987K [0x00000000c0000000, 0x00000000cc100000, 0x00000000eab00000)
  object space 197632K, 98% used [0x00000000c0000000,0x00000000cbe6ae28,0x00000000cc100000)
 Metaspace       used 84843K, committed 85824K, reserved 1130496K
  class space    used 8657K, committed 9088K, reserved 1048576K
}
Event: 11848.387 GC heap before
{Heap before GC invocations=7534 (full 68):
 PSYoungGen      total 3584K, used 3578K [0x00000000eab00000, 0x00000000eb080000, 0x0000000100000000)
  eden space 2560K, 99% used [0x00000000eab00000,0x00000000ead7ea38,0x00000000ead80000)
  from space 1024K, 100% used [0x00000000eaf80000,0x00000000eb080000,0x00000000eb080000)
  to   space 1536K, 0% used [0x00000000ead80000,0x00000000ead80000,0x00000000eaf00000)
 ParOldGen       total 197632K, used 194987K [0x00000000c0000000, 0x00000000cc100000, 0x00000000eab00000)
  object space 197632K, 98% used [0x00000000c0000000,0x00000000cbe6ae28,0x00000000cc100000)
 Metaspace       used 84843K, committed 85824K, reserved 1130496K
  class space    used 8657K, committed 9088K, reserved 1048576K
}
Event: 11848.390 GC heap after
{Heap after GC invocations=7534 (full 68):
 PSYoungGen      total 4096K, used 448K [0x00000000eab00000, 0x00000000eb000000, 0x0000000100000000)
  eden space 2560K, 0% used [0x00000000eab00000,0x00000000eab00000,0x00000000ead80000)
  from space 1536K, 29% used [0x00000000ead80000,0x00000000eadf0000,0x00000000eaf00000)
  to   space 1024K, 0% used [0x00000000eaf00000,0x00000000eaf00000,0x00000000eb000000)
 ParOldGen       total 197632K, used 195845K [0x00000000c0000000, 0x00000000cc100000, 0x00000000eab00000)
  object space 197632K, 99% used [0x00000000c0000000,0x00000000cbf41748,0x00000000cc100000)
 Metaspace       used 84843K, committed 85824K, reserved 1130496K
  class space    used 8657K, committed 9088K, reserved 1048576K
}
Event: 11848.856 GC heap before
{Heap before GC invocations=7535 (full 68):
 PSYoungGen      total 4096K, used 2996K [0x00000000eab00000, 0x00000000eb000000, 0x0000000100000000)
  eden space 2560K, 99% used [0x00000000eab00000,0x00000000ead7d168,0x00000000ead80000)
  from space 1536K, 29% used [0x00000000ead80000,0x00000000eadf0000,0x00000000eaf00000)
  to   space 1024K, 0% used [0x00000000eaf00000,0x00000000eaf00000,0x00000000eb000000)
 ParOldGen       total 197632K, used 195845K [0x00000000c0000000, 0x00000000cc100000, 0x00000000eab00000)
  object space 197632K, 99% used [0x00000000c0000000,0x00000000cbf41748,0x00000000cc100000)
 Metaspace       used 84843K, committed 85824K, reserved 1130496K
  class space    used 8657K, committed 9088K, reserved 1048576K
}
Event: 11848.858 GC heap after
{Heap after GC invocations=7535 (full 68):
 PSYoungGen      total 3072K, used 192K [0x00000000eab00000, 0x00000000eaf80000, 0x0000000100000000)
  eden space 2560K, 0% used [0x00000000eab00000,0x00000000eab00000,0x00000000ead80000)
  from space 512K, 37% used [0x00000000eaf00000,0x00000000eaf30000,0x00000000eaf80000)
  to   space 512K, 0% used [0x00000000eae80000,0x00000000eae80000,0x00000000eaf00000)
 ParOldGen       total 197632K, used 196005K [0x00000000c0000000, 0x00000000cc100000, 0x00000000eab00000)
  object space 197632K, 99% used [0x00000000c0000000,0x00000000cbf69748,0x00000000cc100000)
 Metaspace       used 84843K, committed 85824K, reserved 1130496K
  class space    used 8657K, committed 9088K, reserved 1048576K
}
Event: 11848.870 GC heap before
{Heap before GC invocations=7536 (full 68):
 PSYoungGen      total 3072K, used 2751K [0x00000000eab00000, 0x00000000eaf80000, 0x0000000100000000)
  eden space 2560K, 99% used [0x00000000eab00000,0x00000000ead7fff0,0x00000000ead80000)
  from space 512K, 37% used [0x00000000eaf00000,0x00000000eaf30000,0x00000000eaf80000)
  to   space 512K, 0% used [0x00000000eae80000,0x00000000eae80000,0x00000000eaf00000)
 ParOldGen       total 197632K, used 196005K [0x00000000c0000000, 0x00000000cc100000, 0x00000000eab00000)
  object space 197632K, 99% used [0x00000000c0000000,0x00000000cbf69748,0x00000000cc100000)
 Metaspace       used 84843K, committed 85824K, reserved 1130496K
  class space    used 8657K, committed 9088K, reserved 1048576K
}
Event: 11848.874 GC heap after
{Heap after GC invocations=7536 (full 68):
 PSYoungGen      total 3072K, used 512K [0x00000000eab00000, 0x00000000eb080000, 0x0000000100000000)
  eden space 2560K, 0% used [0x00000000eab00000,0x00000000eab00000,0x00000000ead80000)
  from space 512K, 100% used [0x00000000eae80000,0x00000000eaf00000,0x00000000eaf00000)
  to   space 1536K, 0% used [0x00000000eaf00000,0x00000000eaf00000,0x00000000eb080000)
 ParOldGen       total 197632K, used 196437K [0x00000000c0000000, 0x00000000cc100000, 0x00000000eab00000)
  object space 197632K, 99% used [0x00000000c0000000,0x00000000cbfd5768,0x00000000cc100000)
 Metaspace       used 84843K, committed 85824K, reserved 1130496K
  class space    used 8657K, committed 9088K, reserved 1048576K
}
Event: 11848.981 GC heap before
{Heap before GC invocations=7537 (full 68):
 PSYoungGen      total 3072K, used 3071K [0x00000000eab00000, 0x00000000eb080000, 0x0000000100000000)
  eden space 2560K, 99% used [0x00000000eab00000,0x00000000ead7fff0,0x00000000ead80000)
  from space 512K, 100% used [0x00000000eae80000,0x00000000eaf00000,0x00000000eaf00000)
  to   space 1536K, 0% used [0x00000000eaf00000,0x00000000eaf00000,0x00000000eb080000)
 ParOldGen       total 197632K, used 196437K [0x00000000c0000000, 0x00000000cc100000, 0x00000000eab00000)
  object space 197632K, 99% used [0x00000000c0000000,0x00000000cbfd5768,0x00000000cc100000)
 Metaspace       used 84843K, committed 85824K, reserved 1130496K
  class space    used 8657K, committed 9088K, reserved 1048576K
}
Event: 11848.983 GC heap after
{Heap after GC invocations=7537 (full 68):
 PSYoungGen      total 3584K, used 800K [0x00000000eab00000, 0x00000000eb000000, 0x0000000100000000)
  eden space 2560K, 0% used [0x00000000eab00000,0x00000000eab00000,0x00000000ead80000)
  from space 1024K, 78% used [0x00000000eaf00000,0x00000000eafc8000,0x00000000eb000000)
  to   space 1024K, 0% used [0x00000000eae00000,0x00000000eae00000,0x00000000eaf00000)
 ParOldGen       total 197632K, used 196960K [0x00000000c0000000, 0x00000000cc100000, 0x00000000eab00000)
  object space 197632K, 99% used [0x00000000c0000000,0x00000000cc058068,0x00000000cc100000)
 Metaspace       used 84843K, committed 85824K, reserved 1130496K
  class space    used 8657K, committed 9088K, reserved 1048576K
}
Event: 11848.995 GC heap before
{Heap before GC invocations=7538 (full 68):
 PSYoungGen      total 3584K, used 3360K [0x00000000eab00000, 0x00000000eb000000, 0x0000000100000000)
  eden space 2560K, 100% used [0x00000000eab00000,0x00000000ead80000,0x00000000ead80000)
  from space 1024K, 78% used [0x00000000eaf00000,0x00000000eafc8000,0x00000000eb000000)
  to   space 1024K, 0% used [0x00000000eae00000,0x00000000eae00000,0x00000000eaf00000)
 ParOldGen       total 197632K, used 196960K [0x00000000c0000000, 0x00000000cc100000, 0x00000000eab00000)
  object space 197632K, 99% used [0x00000000c0000000,0x00000000cc058068,0x00000000cc100000)
 Metaspace       used 84843K, committed 85824K, reserved 1130496K
  class space    used 8657K, committed 9088K, reserved 1048576K
}
Event: 11848.997 GC heap after
{Heap after GC invocations=7538 (full 68):
 PSYoungGen      total 3072K, used 512K [0x00000000eab00000, 0x00000000eaf80000, 0x0000000100000000)
  eden space 2560K, 0% used [0x00000000eab00000,0x00000000eab00000,0x00000000ead80000)
  from space 512K, 100% used [0x00000000eae00000,0x00000000eae80000,0x00000000eae80000)
  to   space 1024K, 0% used [0x00000000eae80000,0x00000000eae80000,0x00000000eaf80000)
 ParOldGen       total 197632K, used 197284K [0x00000000c0000000, 0x00000000cc100000, 0x00000000eab00000)
  object space 197632K, 99% used [0x00000000c0000000,0x00000000cc0a9078,0x00000000cc100000)
 Metaspace       used 84843K, committed 85824K, reserved 1130496K
  class space    used 8657K, committed 9088K, reserved 1048576K
}
Event: 11848.997 GC heap before
{Heap before GC invocations=7539 (full 69):
 PSYoungGen      total 3072K, used 512K [0x00000000eab00000, 0x00000000eaf80000, 0x0000000100000000)
  eden space 2560K, 0% used [0x00000000eab00000,0x00000000eab00000,0x00000000ead80000)
  from space 512K, 100% used [0x00000000eae00000,0x00000000eae80000,0x00000000eae80000)
  to   space 1024K, 0% used [0x00000000eae80000,0x00000000eae80000,0x00000000eaf80000)
 ParOldGen       total 197632K, used 197284K [0x00000000c0000000, 0x00000000cc100000, 0x00000000eab00000)
  object space 197632K, 99% used [0x00000000c0000000,0x00000000cc0a9078,0x00000000cc100000)
 Metaspace       used 84843K, committed 85824K, reserved 1130496K
  class space    used 8657K, committed 9088K, reserved 1048576K
}

